# JRE version: 7.0_25-b17
# Java VM: Java HotSpot(TM) Client VM (23.25-b01 mixed mode windows-x86 )
Heap
 def new generation   total 4928K, used 1625K [0x0f010000, 0x0f560000, 0x14560000)
  eden space 4416K,  25% used [0x0f010000, 0x0f1267b0, 0x0f460000)
  from space 512K, 100% used [0x0f4e0000, 0x0f560000, 0x0f560000)
  to   space 512K,   0% used [0x0f460000, 0x0f460000, 0x0f4e0000)
 tenured generation   total 10944K, used 2206K [0x14560000, 0x15010000, 0x1f010000)
   the space 10944K,  20% used [0x14560000, 0x14787990, 0x14787a00, 0x15010000)
 compacting perm gen  total 12288K, used 5145K [0x1f010000, 0x1fc10000, 0x23010000)
   the space 12288K,  41% used [0x1f010000, 0x1f516568, 0x1f516600, 0x1fc10000)
GC Heap History (6 events):
Event: 0.312 GC heap before
{Heap before GC invocations=0 (full 0):
 def new generation   total 4928K, used 4416K [0x0f010000, 0x0f560000, 0x14560000)
  eden space 4416K, 100% used [0x0f010000, 0x0f460000, 0x0f460000)
  from space 512K,   0% used [0x0f460000, 0x0f460000, 0x0f4e0000)
  to   space 512K,   0% used [0x0f4e0000, 0x0f4e0000, 0x0f560000)
 tenured generation   total 10944K, used 0K [0x14560000, 0x15010000, 0x1f010000)
   the space 10944K,   0% used [0x14560000, 0x14560000, 0x14560200, 0x15010000)
 compacting perm gen  total 12288K, used 2128K [0x1f010000, 0x1fc10000, 0x23010000)
   the space 12288K,  17% used [0x1f010000, 0x1f224210, 0x1f224400, 0x1fc10000)
No shared spaces configured.
Event: 0.316 GC heap after
Heap after GC invocations=1 (full 0):
 def new generation   total 4928K, used 512K [0x0f010000, 0x0f560000, 0x14560000)
  eden space 4416K,   0% used [0x0f010000, 0x0f010000, 0x0f460000)
  from space 512K, 100% used [0x0f4e0000, 0x0f560000, 0x0f560000)
  to   space 512K,   0% used [0x0f460000, 0x0f460000, 0x0f4e0000)
 tenured generation   total 10944K, used 708K [0x14560000, 0x15010000, 0x1f010000)
   the space 10944K,   6% used [0x14560000, 0x14611010, 0x14611200, 0x15010000)
 compacting perm gen  total 12288K, used 2128K [0x1f010000, 0x1fc10000, 0x23010000)
   the space 12288K,  17% used [0x1f010000, 0x1f224210, 0x1f224400, 0x1fc10000)
No shared spaces configured.
}
Event: 0.425 GC heap before
{Heap before GC invocations=1 (full 0):
 def new generation   total 4928K, used 4927K [0x0f010000, 0x0f560000, 0x14560000)
  eden space 4416K,  99% used [0x0f010000, 0x0f45ffd8, 0x0f460000)
  from space 512K, 100% used [0x0f4e0000, 0x0f560000, 0x0f560000)
  to   space 512K,   0% used [0x0f460000, 0x0f460000, 0x0f4e0000)
 tenured generation   total 10944K, used 708K [0x14560000, 0x15010000, 0x1f010000)
   the space 10944K,   6% used [0x14560000, 0x14611010, 0x14611200, 0x15010000)
 compacting perm gen  total 12288K, used 3369K [0x1f010000, 0x1fc10000, 0x23010000)
   the space 12288K,  27% used [0x1f010000, 0x1f35a460, 0x1f35a600, 0x1fc10000)
No shared spaces configured.
Event: 0.430 GC heap after
Heap after GC invocations=2 (full 0):
 def new generation   total 4928K, used 512K [0x0f010000, 0x0f560000, 0x14560000)
  eden space 4416K,   0% used [0x0f010000, 0x0f010000, 0x0f460000)
  from space 512K, 100% used [0x0f460000, 0x0f4e0000, 0x0f4e0000)
  to   space 512K,   0% used [0x0f4e0000, 0x0f4e0000, 0x0f560000)
 tenured generation   total 10944K, used 1354K [0x14560000, 0x15010000, 0x1f010000)
   the space 10944K,  12% used [0x14560000, 0x146b2970, 0x146b2a00, 0x15010000)
 compacting perm gen  total 12288K, used 3369K [0x1f010000, 0x1fc10000, 0x23010000)
   the space 12288K,  27% used [0x1f010000, 0x1f35a460, 0x1f35a600, 0x1fc10000)
No shared spaces configured.
}
Event: 0.564 GC heap before
{Heap before GC invocations=2 (full 0):
 def new generation   total 4928K, used 4926K [0x0f010000, 0x0f560000, 0x14560000)
  eden space 4416K,  99% used [0x0f010000, 0x0f45f818, 0x0f460000)
  from space 512K, 100% used [0x0f460000, 0x0f4e0000, 0x0f4e0000)
  to   space 512K,   0% used [0x0f4e0000, 0x0f4e0000, 0x0f560000)
 tenured generation   total 10944K, used 1354K [0x14560000, 0x15010000, 0x1f010000)
   the space 10944K,  12% used [0x14560000, 0x146b2970, 0x146b2a00, 0x15010000)
 compacting perm gen  total 12288K, used 4517K [0x1f010000, 0x1fc10000, 0x23010000)
   the space 12288K,  36% used [0x1f010000, 0x1f4796d8, 0x1f479800, 0x1fc10000)
No shared spaces configured.
Event: 0.568 GC heap after
Heap after GC invocations=3 (full 0):
 def new generation   total 4928K, used 512K [0x0f010000, 0x0f560000, 0x14560000)
  eden space 4416K,   0% used [0x0f010000, 0x0f010000, 0x0f460000)
  from space 512K, 100% used [0x0f4e0000, 0x0f560000, 0x0f560000)
  to   space 512K,   0% used [0x0f460000, 0x0f460000, 0x0f4e0000)
 tenured generation   total 10944K, used 2206K [0x14560000, 0x15010000, 0x1f010000)
   the space 10944K,  20% used [0x14560000, 0x14787990, 0x14787a00, 0x15010000)
 compacting perm gen  total 12288K, used 4517K [0x1f010000, 0x1fc10000, 0x23010000)
   the space 12288K,  36% used [0x1f010000, 0x1f4796d8, 0x1f479800, 0x1fc10000)
No shared spaces configured.
}

